modules/expo-audio-stream/android/build/intermediates/manifest_merge_blame_file/debug/processDebugManifest/manifest-merger-blame-debug-report.txt
1<?xml version="1.0" encoding="utf-8"?>
2<manifest xmlns:android="http://schemas.android.com/apk/res/android"
3    package="expo.modules.audiostream" >
4
5    <uses-sdk android:minSdkVersion="24" />
6
7    <uses-permission android:name="android.permission.RECORD_AUDIO" />
7-->src/main/AndroidManifest.xml:4:5-71
7-->src/main/AndroidManifest.xml:4:22-68
8    <uses-permission android:name="android.permission.FOREGROUND_SERVICE" />
8-->src/main/AndroidManifest.xml:5:5-77
8-->src/main/AndroidManifest.xml:5:22-74
9    <uses-permission android:name="android.permission.FOREGROUND_SERVICE_MICROPHONE" />
9-->src/main/AndroidManifest.xml:6:5-88
9-->src/main/AndroidManifest.xml:6:22-85
10    <uses-permission android:name="android.permission.WAKE_LOCK" />
10-->src/main/AndroidManifest.xml:7:5-68
10-->src/main/AndroidManifest.xml:7:22-65
11
12    <application>
12-->src/main/AndroidManifest.xml:9:5-15:19
13        <service
13-->src/main/AndroidManifest.xml:10:9-14:58
14            android:name="expo.modules.audiostream.AudioStreamService"
14-->src/main/AndroidManifest.xml:11:13-47
15            android:enabled="true"
15-->src/main/AndroidManifest.xml:12:13-35
16            android:exported="false"
16-->src/main/AndroidManifest.xml:13:13-37
17            android:foregroundServiceType="microphone" />
17-->src/main/AndroidManifest.xml:14:13-55
18    </application>
19
20</manifest>